<?xml version="1.0" encoding="UTF-8"?>
<testng-results ignored="0" total="12" passed="12" failed="0" skipped="0">
  <reporter-output>
  </reporter-output>
  <suite started-at="2021-09-24T17:50:38 PST" name="Xendit - Batch Disbursement - API Testing Suite" finished-at="2021-09-24T17:50:56 PST" duration-ms="17789">
    <groups>
      <group name="cucumber">
        <method signature="AbstractTestNGCucumberTests.runScenario(io.cucumber.testng.PickleWrapper,io.cucumber.testng.FeatureWrapper)[pri:0, instance:runners.TestRunner@12468a38]" name="runScenario" class="io.cucumber.testng.AbstractTestNGCucumberTests"/>
      </group> <!-- cucumber -->
    </groups>
    <test started-at="2021-09-24T17:50:38 PST" name="API" finished-at="2021-09-24T17:50:56 PST" duration-ms="17789">
      <class name="runners.TestRunner">
        <test-method is-config="true" signature="setUpClass()[pri:0, instance:runners.TestRunner@12468a38]" started-at="2021-09-24T17:50:38 PST" name="setUpClass" finished-at="2021-09-24T17:50:39 PST" duration-ms="666" status="PASS">
          <reporter-output>
          </reporter-output>
        </test-method> <!-- setUpClass -->
        <test-method signature="runScenario(io.cucumber.testng.PickleWrapper,io.cucumber.testng.FeatureWrapper)[pri:0, instance:runners.TestRunner@12468a38]" started-at="2021-09-24T17:50:39 PST" name="runScenario" description="Runs Cucumber Scenarios" data-provider="scenarios" finished-at="2021-09-24T17:50:47 PST" duration-ms="7877" status="PASS">
          <params>
            <param index="0">
              <value>
                <![CDATA["Batch Disbursement Validation"]]>
              </value>
            </param>
            <param index="1">
              <value>
                <![CDATA["Optional[Batch Disbursement]"]]>
              </value>
            </param>
          </params>
          <reporter-output>
          </reporter-output>
        </test-method> <!-- runScenario -->
        <test-method signature="runScenario(io.cucumber.testng.PickleWrapper,io.cucumber.testng.FeatureWrapper)[pri:0, instance:runners.TestRunner@12468a38]" started-at="2021-09-24T17:50:47 PST" name="runScenario" description="Runs Cucumber Scenarios" data-provider="scenarios" finished-at="2021-09-24T17:50:48 PST" duration-ms="666" status="PASS">
          <params>
            <param index="0">
              <value>
                <![CDATA["Batch Disbursement Validation"]]>
              </value>
            </param>
            <param index="1">
              <value>
                <![CDATA["Optional[Batch Disbursement]"]]>
              </value>
            </param>
          </params>
          <reporter-output>
          </reporter-output>
        </test-method> <!-- runScenario -->
        <test-method signature="runScenario(io.cucumber.testng.PickleWrapper,io.cucumber.testng.FeatureWrapper)[pri:0, instance:runners.TestRunner@12468a38]" started-at="2021-09-24T17:50:48 PST" name="runScenario" description="Runs Cucumber Scenarios" data-provider="scenarios" finished-at="2021-09-24T17:50:48 PST" duration-ms="342" status="PASS">
          <params>
            <param index="0">
              <value>
                <![CDATA["Batch Disbursement Validation"]]>
              </value>
            </param>
            <param index="1">
              <value>
                <![CDATA["Optional[Batch Disbursement]"]]>
              </value>
            </param>
          </params>
          <reporter-output>
          </reporter-output>
        </test-method> <!-- runScenario -->
        <test-method signature="runScenario(io.cucumber.testng.PickleWrapper,io.cucumber.testng.FeatureWrapper)[pri:0, instance:runners.TestRunner@12468a38]" started-at="2021-09-24T17:50:48 PST" name="runScenario" description="Runs Cucumber Scenarios" data-provider="scenarios" finished-at="2021-09-24T17:50:49 PST" duration-ms="674" status="PASS">
          <params>
            <param index="0">
              <value>
                <![CDATA["Batch Disbursement Validation"]]>
              </value>
            </param>
            <param index="1">
              <value>
                <![CDATA["Optional[Batch Disbursement]"]]>
              </value>
            </param>
          </params>
          <reporter-output>
          </reporter-output>
        </test-method> <!-- runScenario -->
        <test-method signature="runScenario(io.cucumber.testng.PickleWrapper,io.cucumber.testng.FeatureWrapper)[pri:0, instance:runners.TestRunner@12468a38]" started-at="2021-09-24T17:50:49 PST" name="runScenario" description="Runs Cucumber Scenarios" data-provider="scenarios" finished-at="2021-09-24T17:50:49 PST" duration-ms="664" status="PASS">
          <params>
            <param index="0">
              <value>
                <![CDATA["Batch Disbursement Validation"]]>
              </value>
            </param>
            <param index="1">
              <value>
                <![CDATA["Optional[Batch Disbursement]"]]>
              </value>
            </param>
          </params>
          <reporter-output>
          </reporter-output>
        </test-method> <!-- runScenario -->
        <test-method signature="runScenario(io.cucumber.testng.PickleWrapper,io.cucumber.testng.FeatureWrapper)[pri:0, instance:runners.TestRunner@12468a38]" started-at="2021-09-24T17:50:49 PST" name="runScenario" description="Runs Cucumber Scenarios" data-provider="scenarios" finished-at="2021-09-24T17:50:50 PST" duration-ms="644" status="PASS">
          <params>
            <param index="0">
              <value>
                <![CDATA["Batch Disbursement Validation"]]>
              </value>
            </param>
            <param index="1">
              <value>
                <![CDATA["Optional[Batch Disbursement]"]]>
              </value>
            </param>
          </params>
          <reporter-output>
          </reporter-output>
        </test-method> <!-- runScenario -->
        <test-method signature="runScenario(io.cucumber.testng.PickleWrapper,io.cucumber.testng.FeatureWrapper)[pri:0, instance:runners.TestRunner@12468a38]" started-at="2021-09-24T17:50:50 PST" name="runScenario" description="Runs Cucumber Scenarios" data-provider="scenarios" finished-at="2021-09-24T17:50:51 PST" duration-ms="663" status="PASS">
          <params>
            <param index="0">
              <value>
                <![CDATA["Batch Disbursement Validation"]]>
              </value>
            </param>
            <param index="1">
              <value>
                <![CDATA["Optional[Batch Disbursement]"]]>
              </value>
            </param>
          </params>
          <reporter-output>
          </reporter-output>
        </test-method> <!-- runScenario -->
        <test-method signature="runScenario(io.cucumber.testng.PickleWrapper,io.cucumber.testng.FeatureWrapper)[pri:0, instance:runners.TestRunner@12468a38]" started-at="2021-09-24T17:50:51 PST" name="runScenario" description="Runs Cucumber Scenarios" data-provider="scenarios" finished-at="2021-09-24T17:50:51 PST" duration-ms="694" status="PASS">
          <params>
            <param index="0">
              <value>
                <![CDATA["Batch Disbursement Validation"]]>
              </value>
            </param>
            <param index="1">
              <value>
                <![CDATA["Optional[Batch Disbursement]"]]>
              </value>
            </param>
          </params>
          <reporter-output>
          </reporter-output>
        </test-method> <!-- runScenario -->
        <test-method signature="runScenario(io.cucumber.testng.PickleWrapper,io.cucumber.testng.FeatureWrapper)[pri:0, instance:runners.TestRunner@12468a38]" started-at="2021-09-24T17:50:51 PST" name="runScenario" description="Runs Cucumber Scenarios" data-provider="scenarios" finished-at="2021-09-24T17:50:52 PST" duration-ms="773" status="PASS">
          <params>
            <param index="0">
              <value>
                <![CDATA["Batch Disbursement Validation"]]>
              </value>
            </param>
            <param index="1">
              <value>
                <![CDATA["Optional[Batch Disbursement]"]]>
              </value>
            </param>
          </params>
          <reporter-output>
          </reporter-output>
        </test-method> <!-- runScenario -->
        <test-method signature="runScenario(io.cucumber.testng.PickleWrapper,io.cucumber.testng.FeatureWrapper)[pri:0, instance:runners.TestRunner@12468a38]" started-at="2021-09-24T17:50:52 PST" name="runScenario" description="Runs Cucumber Scenarios" data-provider="scenarios" finished-at="2021-09-24T17:50:52 PST" duration-ms="319" status="PASS">
          <params>
            <param index="0">
              <value>
                <![CDATA["Batch Disbursement Validation"]]>
              </value>
            </param>
            <param index="1">
              <value>
                <![CDATA["Optional[Batch Disbursement]"]]>
              </value>
            </param>
          </params>
          <reporter-output>
          </reporter-output>
        </test-method> <!-- runScenario -->
        <test-method signature="runScenario(io.cucumber.testng.PickleWrapper,io.cucumber.testng.FeatureWrapper)[pri:0, instance:runners.TestRunner@12468a38]" started-at="2021-09-24T17:50:52 PST" name="runScenario" description="Runs Cucumber Scenarios" data-provider="scenarios" finished-at="2021-09-24T17:50:53 PST" duration-ms="737" status="PASS">
          <params>
            <param index="0">
              <value>
                <![CDATA["Batch Disbursement Validation"]]>
              </value>
            </param>
            <param index="1">
              <value>
                <![CDATA["Optional[Batch Disbursement]"]]>
              </value>
            </param>
          </params>
          <reporter-output>
          </reporter-output>
        </test-method> <!-- runScenario -->
        <test-method signature="runScenario(io.cucumber.testng.PickleWrapper,io.cucumber.testng.FeatureWrapper)[pri:0, instance:runners.TestRunner@12468a38]" started-at="2021-09-24T17:50:53 PST" name="runScenario" description="Runs Cucumber Scenarios" data-provider="scenarios" finished-at="2021-09-24T17:50:53 PST" duration-ms="308" status="PASS">
          <params>
            <param index="0">
              <value>
                <![CDATA["Batch Disbursement with an invalid API Key"]]>
              </value>
            </param>
            <param index="1">
              <value>
                <![CDATA["Optional[Batch Disbursement]"]]>
              </value>
            </param>
          </params>
          <reporter-output>
          </reporter-output>
        </test-method> <!-- runScenario -->
        <test-method is-config="true" signature="tearDownClass()[pri:0, instance:runners.TestRunner@12468a38]" started-at="2021-09-24T17:50:53 PST" name="tearDownClass" finished-at="2021-09-24T17:50:56 PST" duration-ms="2705" status="PASS">
          <reporter-output>
          </reporter-output>
        </test-method> <!-- tearDownClass -->
      </class> <!-- runners.TestRunner -->
    </test> <!-- API -->
  </suite> <!-- Xendit - Batch Disbursement - API Testing Suite -->
</testng-results>
